<?xml version="1.0" encoding="UTF-8"?>
<!-- Generated by org.testng.reporters.JUnitReportReporter -->
<testsuite hostname="Saeed-PC" failures="0" tests="1" name="SubmitFormTest" time="2.286" errors="0" timestamp="2022-05-29T16:27:13 EET" skipped="0">
  <testcase classname="SubmitFormTest" name="submitForm" time="2.286"/>
  <system-out/>
</testsuite> <!-- SubmitFormTest -->
